[debug] [2021-01-27T20:40:12.885Z] ----------------------------------------------------------------------
[debug] [2021-01-27T20:40:12.888Z] Command:       /usr/local/Cellar/node/12.10.0/bin/node /usr/local/bin/firebase init
[debug] [2021-01-27T20:40:12.888Z] CLI Version:   8.12.1
[debug] [2021-01-27T20:40:12.888Z] Platform:      darwin
[debug] [2021-01-27T20:40:12.888Z] Node Version:  v12.10.0
[debug] [2021-01-27T20:40:12.889Z] Time:          Wed Jan 27 2021 14:40:12 GMT-0600 (Central Standard Time)
[debug] [2021-01-27T20:40:12.889Z] ----------------------------------------------------------------------
[debug] [2021-01-27T20:40:12.890Z] 
[debug] [2021-01-27T20:40:12.900Z] > command requires scopes: ["email","openid","https://www.googleapis.com/auth/cloudplatformprojects.readonly","https://www.googleapis.com/auth/firebase","https://www.googleapis.com/auth/cloud-platform"]
[debug] [2021-01-27T20:40:12.900Z] > authorizing via signed-in user
[info] 
     ######## #### ########  ######## ########     ###     ######  ########
     ##        ##  ##     ## ##       ##     ##  ##   ##  ##       ##
     ######    ##  ########  ######   ########  #########  ######  ######
     ##        ##  ##    ##  ##       ##     ## ##     ##       ## ##
     ##       #### ##     ## ######## ########  ##     ##  ######  ########

You're about to initialize a Firebase project in this directory:

  /Users/juanjo/Desktop/SHABAD/HackyMVP

Before we get started, keep in mind:

  * You are initializing in an existing Firebase project directory

[info] 
=== Project Setup
[info] 
[info] First, let's associate this project directory with a Firebase project.
[info] You can create multiple project aliases by running firebase use --add, 
[info] but for now we'll just set up a default project.
[info] 
[info] i  .firebaserc already has a default project, using chinitovelozgt. 
[debug] [2021-01-27T20:40:14.830Z] >>> HTTP REQUEST GET https://firebase.googleapis.com/v1beta1/projects/chinitovelozgt  
 
[debug] [2021-01-27T20:40:15.294Z] <<< HTTP RESPONSE 403 {"vary":"X-Origin, Referer, Origin,Accept-Encoding","content-type":"application/json; charset=UTF-8","date":"Wed, 27 Jan 2021 20:40:15 GMT","server":"ESF","cache-control":"private","x-xss-protection":"0","x-frame-options":"SAMEORIGIN","x-content-type-options":"nosniff","alt-svc":"h3-29=\":443\"; ma=2592000,h3-T051=\":443\"; ma=2592000,h3-Q050=\":443\"; ma=2592000,h3-Q046=\":443\"; ma=2592000,h3-Q043=\":443\"; ma=2592000,quic=\":443\"; ma=2592000; v=\"46,43\"","accept-ranges":"none","transfer-encoding":"chunked"}
[debug] [2021-01-27T20:40:15.294Z] <<< HTTP RESPONSE BODY {"error":{"code":403,"message":"The caller does not have permission","status":"PERMISSION_DENIED"}}
[debug] [2021-01-27T20:40:15.298Z] HTTP Error: 403, The caller does not have permission
[debug] [2021-01-27T20:40:15.504Z] FirebaseError: HTTP Error: 403, The caller does not have permission
    at module.exports (/usr/local/lib/node_modules/firebase-tools/lib/responseToError.js:38:12)
    at Request._callback (/usr/local/lib/node_modules/firebase-tools/lib/api.js:41:35)
    at Request.self.callback (/usr/local/lib/node_modules/firebase-tools/node_modules/request/request.js:185:22)
    at Request.emit (events.js:209:13)
    at Request.EventEmitter.emit (domain.js:476:20)
    at Request.<anonymous> (/usr/local/lib/node_modules/firebase-tools/node_modules/request/request.js:1154:10)
    at Request.emit (events.js:209:13)
    at Request.EventEmitter.emit (domain.js:476:20)
    at IncomingMessage.<anonymous> (/usr/local/lib/node_modules/firebase-tools/node_modules/request/request.js:1076:12)
    at Object.onceWrapper (events.js:298:28)
    at IncomingMessage.emit (events.js:214:15)
    at IncomingMessage.EventEmitter.emit (domain.js:476:20)
    at endReadableNT (_stream_readable.js:1178:12)
    at processTicksAndRejections (internal/process/task_queues.js:80:21)
[error] 
[error] Error: Failed to get Firebase project chinitovelozgt. Please make sure the project exists and your account has permission to access it.
